Retrieving project…
Deploying kar18ms-projects/portfolio-inner-site
Uploading [--------------------] (0.0B/70B)
Uploading [====================] (70.0B/70B)
Inspect: https://vercel.com/kar18ms-projects/portfolio-inner-site/A2rbJft65dCCj9oaY4fgTmBRDfhY [3s]
Production: https://portfolio-inner-site-5t26060so-kar18ms-projects.vercel.app [3s]
https://portfolio-inner-site-5t26060so-kar18ms-projects.vercel.appBuilding...
Building...
Building: Running build in Washington, D.C., USA (East) – iad1
Building: Build machine configuration: 2 cores, 8 GB
Building: Retrieving list of deployment files...
Building: Previous build caches not available.
Building: Downloading 152 deployment files...
Building: Running "vercel build"
Building: Vercel CLI 51.6.1
Building: Detected `pnpm-lock.yaml` version 5.4 generated by pnpm@7.x
Building: Installing dependencies...
Building: (node:46) [DEP0169] DeprecationWarning: `url.parse()` behavior is not standardized and prone to errors that have security implications. Use the WHATWG URL API instead. CVEs are not issued for `url.parse()` vulnerabilities.
Building: (Use `node --trace-deprecation ...` to show where the warning was created)
Building: Lockfile is up to date, resolution step is skipped
Building: Progress: resolved 1, reused 0, downloaded 0, added 0
Building: Packages: +1278
Building: ++++++++++++++++++++++++++++++++++++++++++++++++++++++++++++++++++++++++++++++++
Building: Packages are cloned from the content-addressable store to the virtual store.
Building: Content-addressable store is at: /vercel/path0/.pnpm-store/v3
Building: Virtual store is at:             node_modules/.pnpm
Building: Progress: resolved 1278, reused 0, downloaded 31, added 25
Building: Progress: resolved 1278, reused 0, downloaded 102, added 98
Building: ╭───────────────────────────────────────────────────────────────────╮
Building: │                                                                   │
Building: │                Update available! 7.33.5 → 10.33.0.                │
Building: │   Changelog: https://github.com/pnpm/pnpm/releases/tag/v10.33.0   │
Building: │                 Run "pnpm add -g pnpm" to update.                 │
Building: │                                                                   │
Building: │      Follow @pnpmjs for updates: https://twitter.com/pnpmjs       │
Building: │                                                                   │
Building: ╰───────────────────────────────────────────────────────────────────╯
Building: Progress: resolved 1278, reused 0, downloaded 148, added 142
Building: Progress: resolved 1278, reused 0, downloaded 194, added 187
Building: Progress: resolved 1278, reused 0, downloaded 260, added 251
Building: Progress: resolved 1278, reused 0, downloaded 362, added 357
Building: Progress: resolved 1278, reused 0, downloaded 443, added 437
Building: Progress: resolved 1278, reused 0, downloaded 561, added 557
Building: Progress: resolved 1278, reused 0, downloaded 696, added 689
Building: Progress: resolved 1278, reused 0, downloaded 792, added 790
Building: Progress: resolved 1278, reused 0, downloaded 870, added 864
Building: Progress: resolved 1278, reused 0, downloaded 960, added 951
Building: Progress: resolved 1278, reused 0, downloaded 1074, added 1068
Building: Progress: resolved 1278, reused 0, downloaded 1160, added 1154
Building: Progress: resolved 1278, reused 0, downloaded 1236, added 1233
Building: Progress: resolved 1278, reused 0, downloaded 1277, added 1277
Building: .../node_modules/core-js-pure postinstall$ node -e "try{require('./postinstall')}catch(e){}"
Building: .../core-js@3.36.1/node_modules/core-js postinstall$ node -e "try{require('./postinstall')}catch(e){}"
Building: .../node_modules/core-js-pure postinstall: Thank you for using core-js ( https://github.com/zloirock/core-js ) for polyfilling JavaScript standard library!
Building: .../node_modules/core-js-pure postinstall: The project needs your help! Please consider supporting core-js:
Building: .../node_modules/core-js-pure postinstall: > https://opencollective.com/core-js
Building: .../node_modules/core-js-pure postinstall: > https://patreon.com/zloirock
Building: .../node_modules/core-js-pure postinstall: > https://boosty.to/zloirock
Building: .../node_modules/core-js-pure postinstall: > bitcoin: bc1qlea7544qtsmj2rayg0lthvza9fau63ux0fstcz
Building: .../node_modules/core-js-pure postinstall: I highly recommend reading this: https://github.com/zloirock/core-js/blob/master/docs/2023-02-14-so-whats-next.md
Building: .../node_modules/core-js-pure postinstall: Done
Building: .../core-js@3.36.1/node_modules/core-js postinstall: Done
Building: Progress: resolved 1278, reused 0, downloaded 1278, added 1278, done
Building: dependencies:
Building: + @testing-library/jest-dom 5.17.0
Building: + @testing-library/react 12.1.5
Building: + @testing-library/user-event 13.5.0
Building: + @types/jest 27.5.2
Building: + @types/node 16.18.91
Building: + @types/react 17.0.79
Building: + @types/react-dom 17.0.25
Building: + emulators-ui 0.73.9
Building: + framer-motion 6.5.1
Building: + js-dos 7.5.0
Building: + react 17.0.2
Building: + react-dom 17.0.2
Building: + react-router 6.22.3
Building: + react-router-dom 6.22.3
Building: + react-scripts 5.0.0
Building: + typescript 4.9.5
Building: + usehooks-ts 2.16.0
Building: + web-vitals 2.1.4
Building: Done in 18.6s
Building: Running "pnpm run build"
Building: > portfolio-website@0.1.0 build /vercel/path0
Building: > react-scripts build
Building: (node:164) [DEP0176] DeprecationWarning: fs.F_OK is deprecated, use fs.constants.F_OK instead
Building: (Use `node --trace-deprecation ...` to show where the warning was created)
Building: Creating an optimized production build...
Building: Browserslist: caniuse-lite is outdated. Please run:
Building: npx update-browserslist-db@latest
Building: Why you should do it regularly: https://github.com/browserslist/update-db#readme
Building: Browserslist: caniuse-lite is outdated. Please run:
Building: npx update-browserslist-db@latest
Building: Why you should do it regularly: https://github.com/browserslist/update-db#readme
Building: Treating warnings as errors because process.env.CI = true.
Building: Most CI servers set it automatically.
Error: Command "pnpm run build" exited with 1
